#
# A fatal error has been detected by the Java Runtime Environment:
#
#  EXCEPTION_ACCESS_VIOLATION (0xc0000005) at pc=0x00007ffac3ba6440, pid=17040, tid=11212
#
# JRE version: OpenJDK Runtime Environment (21.0.5) (build 21.0.5+-12932927-b750.29)
# Java VM: OpenJDK 64-Bit Server VM (21.0.5+-12932927-b750.29, mixed mode, tiered, compressed oops, compressed class ptrs, g1 gc, windows-amd64)
# Problematic frame:
# C  [native-platform-file-events.dll+0x46440]
#
# No core dump will be written. Minidumps are not enabled by default on client versions of Windows
#
# If you would like to submit a bug report, please visit:
#   https://youtrack.jetbrains.com/issues/JBR
# The crash happened outside the Java Virtual Machine in native code.
# See problematic frame for where to report the bug.
#

---------------  S U M M A R Y ------------

Command Line: --add-opens=java.base/java.util=ALL-UNNAMED --add-opens=java.base/java.lang=ALL-UNNAMED --add-opens=java.base/java.lang.invoke=ALL-UNNAMED --add-opens=java.prefs/java.util.prefs=ALL-UNNAMED --add-exports=jdk.compiler/com.sun.tools.javac.api=ALL-UNNAMED --add-exports=jdk.compiler/com.sun.tools.javac.util=ALL-UNNAMED --add-opens=java.base/java.nio.charset=ALL-UNNAMED --add-opens=java.base/java.net=ALL-UNNAMED --add-opens=java.base/java.util.concurrent.atomic=ALL-UNNAMED -Xmx2048m -Dfile.encoding=UTF-8 -Duser.country=US -Duser.language=en -Duser.variant -javaagent:C:\Users\Korisnik\.gradle\wrapper\dists\gradle-8.9-bin\90cnw93cvbtalezasaz0blq0a\gradle-8.9\lib\agents\gradle-instrumentation-agent-8.9.jar org.gradle.launcher.daemon.bootstrap.GradleDaemon 8.9

Host: Intel(R) Celeron(R) N4020 CPU @ 1.10GHz, 2 cores, 3G,  Windows 11 , 64 bit Build 26100 (10.0.26100.3323)
Time: Mon Mar 17 20:01:40 2025 Central Europe Standard Time elapsed time: 152.125687 seconds (0d 0h 2m 32s)

---------------  T H R E A D  ---------------

Current thread (0x0000028a359a3590):  JavaThread "File watcher server" daemon [_thread_in_native, id=11212, stack(0x000000ea05c00000,0x000000ea05d00000) (1024K)]

Stack: [0x000000ea05c00000,0x000000ea05d00000],  sp=0x000000ea05cfeaa0,  free space=1018k
Native frames: (J=compiled Java code, j=interpreted, Vv=VM code, C=native code)
C  [native-platform-file-events.dll+0x46440]

Java frames: (J=compiled Java code, j=interpreted, Vv=VM code)
j  net.rubygrapefruit.platform.internal.jni.AbstractNativeFileEventFunctions$NativeFileWatcher.executeRunLoop0(Ljava/lang/Object;)V+0
j  net.rubygrapefruit.platform.internal.jni.AbstractNativeFileEventFunctions$NativeFileWatcher.executeRunLoop()V+5
j  net.rubygrapefruit.platform.internal.jni.AbstractFileEventFunctions$AbstractFileWatcher$1.run()V+21
v  ~StubRoutines::call_stub 0x0000028a23e51015

siginfo: EXCEPTION_ACCESS_VIOLATION (0xc0000005), reading address 0x0000000000000000


Registers:
RAX=0x0000000000000000, RBX=0x0000000000000000, RCX=0x000000ea054f9bc8, RDX=0x0000000000000000
RSP=0x000000ea05cfeaa0, RBP=0x0000000000000000, RSI=0x000000ea054f9bc0, RDI=0x000000ea054f9b80
R8 =0x0000000000000000, R9 =0x0000000000000000, R10=0x0000000000000000, R11=0x0000000000000000
R12=0x0000000000000000, R13=0x0000028a32cf87f8, R14=0x0000000000000000, R15=0x0000028a359a3590
RIP=0x00007ffac3ba6440, EFLAGS=0x0000000000010293


Register to memory mapping:

RAX=0x0 is null
RBX=0x0 is null
RCX=0x000000ea054f9bc8 is pointing into the stack for thread: 0x0000028a359bc3b0
RDX=0x0 is null
RSP=0x000000ea05cfeaa0 is pointing into the stack for thread: 0x0000028a359a3590
RBP=0x0 is null
RSI=0x000000ea054f9bc0 is pointing into the stack for thread: 0x0000028a359bc3b0
RDI=0x000000ea054f9b80 is pointing into the stack for thread: 0x0000028a359bc3b0
R8 =0x0 is null
R9 =0x0 is null
R10=0x0 is null
R11=0x0 is null
R12=0x0 is null
R13={method} {0x0000028a32cf8800} 'executeRunLoop0' '(Ljava/lang/Object;)V' in 'net/rubygrapefruit/platform/internal/jni/AbstractNativeFileEventFunctions$NativeFileWatcher'
R14=0x0 is null
R15=0x0000028a359a3590 is a thread

Top of Stack: (sp=0x000000ea05cfeaa0)
0x000000ea05cfeaa0:   000000ea05cfeaf0 00007ffac3c88e90
0x000000ea05cfeab0:   00007ffac3b60000 0000028a31157de8
0x000000ea05cfeac0:   000000ea054f9b80 00007ffac3b9d407
0x000000ea05cfead0:   00005deec31a65dd 00007ffac3b8db23
0x000000ea05cfeae0:   0000000000000000 000000ea054f9b80
0x000000ea05cfeaf0:   00007ffac3b7f1f0 00007ffac3b9713b
0x000000ea05cfeb00:   000000ea054f9bc0 0000000000000000
0x000000ea05cfeb10:   0000000000000000 00007ffac3b8c02f
0x000000ea05cfeb20:   000000ea054f9b80 00007ffac3b89346
0x000000ea05cfeb30:   000000ea054f9bc0 00007ffa83c6889e
0x000000ea05cfeb40:   0000000000000000 0000000000000000
0x000000ea05cfeb50:   0000000000000000 00007ffac3b96562
0x000000ea05cfeb60:   000000ea05cfeba0 000000ea054f9bc0
0x000000ea05cfeb70:   0000000000000000 0000000000000000
0x000000ea05cfeb80:   0000000000000000 000000ea05cfeb90
0x000000ea05cfeb90:   0000028a38e0e710 0000028a38e0e700
0x000000ea05cfeba0:   000000ea054f9bc0 0000000000000000
0x000000ea05cfebb0:   0000000000000000 00007ffac3b7f20d
0x000000ea05cfebc0:   000000ea054f9b80 0000000000000000
0x000000ea05cfebd0:   0000000000000000 00007ffa84235c43
0x000000ea05cfebe0:   000000ea054f9b80 00007ffa83f644b9
0x000000ea05cfebf0:   0000028a30fb59b0 00007ffb184d1b03
0x000000ea05cfec00:   000000ea054f9b80 0000000000000000
0x000000ea05cfec10:   0000000000000000 0000000000000000
0x000000ea05cfec20:   0000000000000048 0000000000000001
0x000000ea05cfec30:   0000000000000000 0000000000000000
0x000000ea05cfec40:   0000000000000030 ffffffffffffffff
0x000000ea05cfec50:   ffffffffffffffff 00007ffb184d1af7
0x000000ea05cfec60:   0000000000000000 000000ea05cfec80
0x000000ea05cfec70:   0000000000000001 00007ffb186236fe
0x000000ea05cfec80:   000000ea05cff2b0 000000ea036d5000
0x000000ea05cfec90:   0000000000000000 00007ffb184d1aa0 

Instructions: (pc=0x00007ffac3ba6440)
0x00007ffac3ba6340:   7d 0b 00 48 89 01 48 83 c1 08 48 83 c4 28 48 ff
0x00007ffac3ba6350:   25 23 7d 0f 00 48 8d 05 b4 7c 0b 00 45 33 c0 48
0x00007ffac3ba6360:   89 01 ba a0 0f 00 00 48 83 c1 08 48 83 c4 28 48
0x00007ffac3ba6370:   ff 25 2a 7d 0f 00 e8 b5 c2 fb ff cc cc cc cc cc
0x00007ffac3ba6380:   cc cc cc cc cc cc cc cc cc cc cc cc cc cc cc cc
0x00007ffac3ba6390:   cc cc cc cc cc cc cc cc 48 83 c1 08 48 ff 25 0d
0x00007ffac3ba63a0:   7d 0f 00 cc cc cc cc cc c2 00 00 cc 48 83 c1 08
0x00007ffac3ba63b0:   48 ff 25 d9 7c 0f 00 cc cc cc cc cc 48 83 c1 08
0x00007ffac3ba63c0:   48 ff 25 c1 7c 0f 00 cc cc cc cc cc 48 89 5c 24
0x00007ffac3ba63d0:   18 56 57 41 56 48 83 ec 40 48 8b 05 68 3e 0e 00
0x00007ffac3ba63e0:   48 33 c4 48 89 44 24 30 8b 01 4c 8b f2 0f ba f0
0x00007ffac3ba63f0:   08 48 8b f1 83 f8 01 75 2c ff 15 41 7c 0f 00 39
0x00007ffac3ba6400:   46 48 74 19 48 8d 4e 08 48 8b 01 48 8b 00 ff 15
0x00007ffac3ba6410:   0c 9c 0f 00 ff 15 26 7c 0f 00 89 46 48 ff 46 4c
0x00007ffac3ba6420:   e9 f3 00 00 00 4d 85 f6 75 24 ff 15 10 7c 0f 00
0x00007ffac3ba6430:   39 46 48 0f 84 9d 00 00 00 48 8d 4e 08 48 8b 01
0x00007ffac3ba6440:   48 8b 00 ff 15 d7 9b 0f 00 e9 88 00 00 00 48 83
0x00007ffac3ba6450:   3a 00 7c 62 75 06 83 7a 08 00 7e 5a ba 01 00 00
0x00007ffac3ba6460:   00 48 8d 4c 24 20 e8 69 e1 fb ff 48 8b 44 24 20
0x00007ffac3ba6470:   49 3b 06 7c 0c 75 7d 41 8b 46 08 39 44 24 28 7d
0x00007ffac3ba6480:   73 ff 15 b9 7b 0f 00 39 46 48 74 4a 48 8b 46 08
0x00007ffac3ba6490:   48 8d 54 24 20 49 8b ce 48 8b 58 10 e8 82 ec fb
0x00007ffac3ba64a0:   ff 8b d0 48 8d 4e 08 48 8b c3 ff 15 70 9b 0f 00
0x00007ffac3ba64b0:   84 c0 75 22 eb a6 ff 15 84 7b 0f 00 39 46 48 74
0x00007ffac3ba64c0:   15 48 8d 4e 08 48 8b 01 48 8b 40 08 ff 15 4e 9b
0x00007ffac3ba64d0:   0f 00 84 c0 74 1e 8b 4e 4c 8d 41 01 89 46 4c 83
0x00007ffac3ba64e0:   f8 01 7e 2b f7 06 00 01 00 00 75 2c 89 4e 4c 4d
0x00007ffac3ba64f0:   85 f6 74 14 49 83 3e 00 75 07 41 83 7e 08 00 74
0x00007ffac3ba6500:   07 b8 02 00 00 00 eb 12 b8 03 00 00 00 eb 0b ff
0x00007ffac3ba6510:   15 2b 7b 0f 00 89 46 48 33 c0 48 8b 4c 24 30 48
0x00007ffac3ba6520:   33 cc e8 b7 d6 fb ff 48 8b 5c 24 70 48 83 c4 40
0x00007ffac3ba6530:   41 5e 5f 5e c3 cc cc cc cc cc cc cc cc cc cc cc 


Stack slot to memory mapping:

stack at sp + 0 slots: 0x000000ea05cfeaf0 is pointing into the stack for thread: 0x0000028a359a3590
stack at sp + 1 slots: 0x00007ffac3c88e90 native-platform-file-events.dll
stack at sp + 2 slots: 0x00007ffac3b60000 native-platform-file-events.dll
stack at sp + 3 slots: 0x0000028a31157de8 is pointing into metadata
stack at sp + 4 slots: 0x000000ea054f9b80 is pointing into the stack for thread: 0x0000028a359bc3b0
stack at sp + 5 slots: 0x00007ffac3b9d407 native-platform-file-events.dll
stack at sp + 6 slots: 0x00005deec31a65dd is an unknown value
stack at sp + 7 slots: 0x00007ffac3b8db23 native-platform-file-events.dll


---------------  P R O C E S S  ---------------

Threads class SMR info:
_java_thread_list=0x0000028a38ce7e70, length=34, elements={
0x0000028a17db7f30, 0x0000028a3098e8d0, 0x0000028a30bdced0, 0x0000028a30bee480,
0x0000028a30beeae0, 0x0000028a30bef530, 0x0000028a30beff80, 0x0000028a30bf0d00,
0x0000028a30c4b680, 0x0000028a30d57ce0, 0x0000028a30f88c60, 0x0000028a35c56ce0,
0x0000028a35125be0, 0x0000028a35b19680, 0x0000028a35a66a60, 0x0000028a35ab8e60,
0x0000028a367626f0, 0x0000028a359bc3b0, 0x0000028a359bd370, 0x0000028a359a21e0,
0x0000028a359a4fd0, 0x0000028a359a5660, 0x0000028a359a42b0, 0x0000028a359a3c20,
0x0000028a359a2f00, 0x0000028a359a4940, 0x0000028a359a3590, 0x0000028a36b1c730,
0x0000028a36b1c0a0, 0x0000028a36b1cdc0, 0x0000028a36b1d450, 0x0000028a36b1dae0,
0x0000028a36b1a660, 0x0000028a36b1acf0
}

Java Threads: ( => current thread )
  0x0000028a17db7f30 JavaThread "main"                              [_thread_blocked, id=5380, stack(0x000000ea03a00000,0x000000ea03b00000) (1024K)]
  0x0000028a3098e8d0 JavaThread "Reference Handler"          daemon [_thread_blocked, id=2332, stack(0x000000ea04300000,0x000000ea04400000) (1024K)]
  0x0000028a30bdced0 JavaThread "Finalizer"                  daemon [_thread_blocked, id=16636, stack(0x000000ea04400000,0x000000ea04500000) (1024K)]
  0x0000028a30bee480 JavaThread "Signal Dispatcher"          daemon [_thread_blocked, id=16732, stack(0x000000ea04500000,0x000000ea04600000) (1024K)]
  0x0000028a30beeae0 JavaThread "Attach Listener"            daemon [_thread_blocked, id=17876, stack(0x000000ea04600000,0x000000ea04700000) (1024K)]
  0x0000028a30bef530 JavaThread "Service Thread"             daemon [_thread_blocked, id=15724, stack(0x000000ea04700000,0x000000ea04800000) (1024K)]
  0x0000028a30beff80 JavaThread "Monitor Deflation Thread"   daemon [_thread_blocked, id=368, stack(0x000000ea04800000,0x000000ea04900000) (1024K)]
  0x0000028a30bf0d00 JavaThread "C2 CompilerThread0"         daemon [_thread_blocked, id=14444, stack(0x000000ea04900000,0x000000ea04a00000) (1024K)]
  0x0000028a30c4b680 JavaThread "C1 CompilerThread0"         daemon [_thread_blocked, id=16988, stack(0x000000ea04a00000,0x000000ea04b00000) (1024K)]
  0x0000028a30d57ce0 JavaThread "Common-Cleaner"             daemon [_thread_blocked, id=17404, stack(0x000000ea04b00000,0x000000ea04c00000) (1024K)]
  0x0000028a30f88c60 JavaThread "Notification Thread"        daemon [_thread_blocked, id=14648, stack(0x000000ea04c00000,0x000000ea04d00000) (1024K)]
  0x0000028a35c56ce0 JavaThread "Daemon health stats"               [_thread_blocked, id=12316, stack(0x000000ea04e00000,0x000000ea04f00000) (1024K)]
  0x0000028a35125be0 JavaThread "Incoming local TCP Connector on port 64282"        [_thread_in_native, id=11892, stack(0x000000ea04f00000,0x000000ea05000000) (1024K)]
  0x0000028a35b19680 JavaThread "Daemon periodic checks"            [_thread_blocked, id=11144, stack(0x000000ea05000000,0x000000ea05100000) (1024K)]
  0x0000028a35a66a60 JavaThread "Daemon"                            [_thread_blocked, id=17696, stack(0x000000ea05100000,0x000000ea05200000) (1024K)]
  0x0000028a35ab8e60 JavaThread "Handler for socket connection from /127.0.0.1:64282 to /127.0.0.1:64284"        [_thread_in_native, id=18312, stack(0x000000ea05200000,0x000000ea05300000) (1024K)]
  0x0000028a367626f0 JavaThread "Cancel handler"                    [_thread_blocked, id=15396, stack(0x000000ea05300000,0x000000ea05400000) (1024K)]
  0x0000028a359bc3b0 JavaThread "Daemon worker"                     [_thread_in_native, id=13380, stack(0x000000ea05400000,0x000000ea05500000) (1024K)]
  0x0000028a359bd370 JavaThread "Asynchronous log dispatcher for DefaultDaemonConnection: socket connection from /127.0.0.1:64282 to /127.0.0.1:64284"        [_thread_blocked, id=14104, stack(0x000000ea05500000,0x000000ea05600000) (1024K)]
  0x0000028a359a21e0 JavaThread "Stdin handler"                     [_thread_blocked, id=7956, stack(0x000000ea05600000,0x000000ea05700000) (1024K)]
  0x0000028a359a4fd0 JavaThread "Daemon client event forwarder"        [_thread_blocked, id=16440, stack(0x000000ea05700000,0x000000ea05800000) (1024K)]
  0x0000028a359a5660 JavaThread "Cache worker for journal cache (C:\Users\Korisnik\.gradle\caches\journal-1)"        [_thread_blocked, id=13340, stack(0x000000ea05800000,0x000000ea05900000) (1024K)]
  0x0000028a359a42b0 JavaThread "File lock request listener"        [_thread_in_native, id=11328, stack(0x000000ea05900000,0x000000ea05a00000) (1024K)]
  0x0000028a359a3c20 JavaThread "Cache worker for file hash cache (C:\Users\Korisnik\.gradle\caches\8.9\fileHashes)"        [_thread_blocked, id=6980, stack(0x000000ea05a00000,0x000000ea05b00000) (1024K)]
  0x0000028a359a2f00 JavaThread "Cache worker for file hash cache (D:\FTN\5. semestar\Mobilne aplikacije\Projekat\App\.gradle\8.9\fileHashes)"        [_thread_blocked, id=1228, stack(0x000000ea03900000,0x000000ea03a00000) (1024K)]
  0x0000028a359a4940 JavaThread "Cache worker for Build Output Cleanup Cache (D:\FTN\5. semestar\Mobilne aplikacije\Projekat\App\.gradle\buildOutputCleanup)"        [_thread_blocked, id=16804, stack(0x000000ea05b00000,0x000000ea05c00000) (1024K)]
=>0x0000028a359a3590 JavaThread "File watcher server"        daemon [_thread_in_native, id=11212, stack(0x000000ea05c00000,0x000000ea05d00000) (1024K)]
  0x0000028a36b1c730 JavaThread "File watcher consumer"      daemon [_thread_blocked, id=5952, stack(0x000000ea05d00000,0x000000ea05e00000) (1024K)]
  0x0000028a36b1c0a0 JavaThread "Cache worker for checksums cache (D:\FTN\5. semestar\Mobilne aplikacije\Projekat\App\.gradle\8.9\checksums)"        [_thread_blocked, id=17984, stack(0x000000ea05e00000,0x000000ea05f00000) (1024K)]
  0x0000028a36b1cdc0 JavaThread "Cache worker for file content cache (C:\Users\Korisnik\.gradle\caches\8.9\fileContent)"        [_thread_blocked, id=7264, stack(0x000000ea05f00000,0x000000ea06000000) (1024K)]
  0x0000028a36b1d450 JavaThread "Cache worker for cache directory md-rule (C:\Users\Korisnik\.gradle\caches\8.9\md-rule)"        [_thread_blocked, id=17392, stack(0x000000ea06000000,0x000000ea06100000) (1024K)]
  0x0000028a36b1dae0 JavaThread "Cache worker for cache directory md-supplier (C:\Users\Korisnik\.gradle\caches\8.9\md-supplier)"        [_thread_blocked, id=11836, stack(0x000000ea06100000,0x000000ea06200000) (1024K)]
  0x0000028a36b1a660 JavaThread "jar transforms"                    [_thread_blocked, id=15144, stack(0x000000ea06200000,0x000000ea06300000) (1024K)]
  0x0000028a36b1acf0 JavaThread "jar transforms Thread 2"           [_thread_blocked, id=9496, stack(0x000000ea06300000,0x000000ea06400000) (1024K)]
Total: 34

Other Threads:
  0x0000028a3090ecc0 VMThread "VM Thread"                           [id=18080, stack(0x000000ea04200000,0x000000ea04300000) (1024K)]
  0x0000028a308b7760 WatcherThread "VM Periodic Task Thread"        [id=9316, stack(0x000000ea04100000,0x000000ea04200000) (1024K)]
  0x0000028a19809fb0 WorkerThread "GC Thread#0"                     [id=12060, stack(0x000000ea03c00000,0x000000ea03d00000) (1024K)]
  0x0000028a30dc8d40 WorkerThread "GC Thread#1"                     [id=9920, stack(0x000000ea04d00000,0x000000ea04e00000) (1024K)]
  0x0000028a1981aea0 ConcurrentGCThread "G1 Main Marker"            [id=2736, stack(0x000000ea03d00000,0x000000ea03e00000) (1024K)]
  0x0000028a1981c6f0 WorkerThread "G1 Conc#0"                       [id=18008, stack(0x000000ea03e00000,0x000000ea03f00000) (1024K)]
  0x0000028a1986b440 ConcurrentGCThread "G1 Refine#0"               [id=13700, stack(0x000000ea03f00000,0x000000ea04000000) (1024K)]
  0x0000028a1986cd00 ConcurrentGCThread "G1 Service"                [id=4612, stack(0x000000ea04000000,0x000000ea04100000) (1024K)]
Total: 8

Threads with active compile tasks:
Total: 0

VM state: not at safepoint (normal execution)

VM Mutex/Monitor currently owned by a thread: None

Heap address: 0x0000000080000000, size: 2048 MB, Compressed Oops mode: 32-bit

CDS archive(s) not mapped
Compressed class space mapped at: 0x0000000100000000-0x0000000140000000, reserved size: 1073741824
Narrow klass base: 0x0000000000000000, Narrow klass shift: 3, Narrow klass range: 0x140000000

GC Precious Log:
 CardTable entry size: 512
 Card Set container configuration: InlinePtr #cards 5 size 8 Array Of Cards #cards 12 size 40 Howl #buckets 4 coarsen threshold 1843 Howl Bitmap #cards 512 size 80 coarsen threshold 460 Card regions per heap region 1 cards per card region 2048
 CPUs: 2 total, 2 available
 Memory: 3918M
 Large Page Support: Disabled
 NUMA Support: Disabled
 Compressed Oops: Enabled (32-bit)
 Heap Region Size: 1M
 Heap Min Capacity: 8M
 Heap Initial Capacity: 62M
 Heap Max Capacity: 2G
 Pre-touch: Disabled
 Parallel Workers: 2
 Concurrent Workers: 1
 Concurrent Refinement Workers: 2
 Periodic GC: Disabled

Heap:
 garbage-first heap   total 68608K, used 57156K [0x0000000080000000, 0x0000000100000000)
  region size 1024K, 21 young (21504K), 2 survivors (2048K)
 Metaspace       used 55092K, committed 56576K, reserved 1114112K
  class space    used 7429K, committed 8128K, reserved 1048576K

Heap Regions: E=young(eden), S=young(survivor), O=old, HS=humongous(starts), HC=humongous(continues), CS=collection set, F=free, TAMS=top-at-mark-start, PB=parsable bottom
|   0|0x0000000080000000, 0x0000000080100000, 0x0000000080100000|100%| O|  |TAMS 0x0000000080000000| PB 0x0000000080000000| Untracked 
|   1|0x0000000080100000, 0x0000000080200000, 0x0000000080200000|100%|HS|  |TAMS 0x0000000080100000| PB 0x0000000080100000| Complete 
|   2|0x0000000080200000, 0x0000000080300000, 0x0000000080300000|100%|HC|  |TAMS 0x0000000080200000| PB 0x0000000080200000| Complete 
|   3|0x0000000080300000, 0x0000000080400000, 0x0000000080400000|100%|HC|  |TAMS 0x0000000080300000| PB 0x0000000080300000| Complete 
|   4|0x0000000080400000, 0x0000000080500000, 0x0000000080500000|100%|HC|  |TAMS 0x0000000080400000| PB 0x0000000080400000| Complete 
|   5|0x0000000080500000, 0x0000000080600000, 0x0000000080600000|100%| O|  |TAMS 0x0000000080500000| PB 0x0000000080500000| Untracked 
|   6|0x0000000080600000, 0x0000000080700000, 0x0000000080700000|100%| O|  |TAMS 0x0000000080600000| PB 0x0000000080600000| Untracked 
|   7|0x0000000080700000, 0x0000000080800000, 0x0000000080800000|100%| O|  |TAMS 0x0000000080700000| PB 0x0000000080700000| Untracked 
|   8|0x0000000080800000, 0x0000000080900000, 0x0000000080900000|100%| O|  |TAMS 0x0000000080800000| PB 0x0000000080800000| Untracked 
|   9|0x0000000080900000, 0x0000000080a00000, 0x0000000080a00000|100%|HS|  |TAMS 0x0000000080900000| PB 0x0000000080900000| Complete 
|  10|0x0000000080a00000, 0x0000000080b00000, 0x0000000080b00000|100%| O|  |TAMS 0x0000000080a00000| PB 0x0000000080a00000| Untracked 
|  11|0x0000000080b00000, 0x0000000080c00000, 0x0000000080c00000|100%| O|  |TAMS 0x0000000080b00000| PB 0x0000000080b00000| Untracked 
|  12|0x0000000080c00000, 0x0000000080d00000, 0x0000000080d00000|100%| O|  |TAMS 0x0000000080c00000| PB 0x0000000080c00000| Untracked 
|  13|0x0000000080d00000, 0x0000000080e00000, 0x0000000080e00000|100%| O|  |TAMS 0x0000000080d00000| PB 0x0000000080d00000| Untracked 
|  14|0x0000000080e00000, 0x0000000080f00000, 0x0000000080f00000|100%| O|  |TAMS 0x0000000080e00000| PB 0x0000000080e00000| Untracked 
|  15|0x0000000080f00000, 0x0000000081000000, 0x0000000081000000|100%| O|  |TAMS 0x0000000080f00000| PB 0x0000000080f00000| Untracked 
|  16|0x0000000081000000, 0x0000000081100000, 0x0000000081100000|100%| O|  |TAMS 0x0000000081000000| PB 0x0000000081000000| Untracked 
|  17|0x0000000081100000, 0x0000000081200000, 0x0000000081200000|100%| O|  |TAMS 0x0000000081100000| PB 0x0000000081100000| Untracked 
|  18|0x0000000081200000, 0x0000000081300000, 0x0000000081300000|100%| O|  |TAMS 0x0000000081200000| PB 0x0000000081200000| Untracked 
|  19|0x0000000081300000, 0x0000000081400000, 0x0000000081400000|100%| O|  |TAMS 0x0000000081300000| PB 0x0000000081300000| Untracked 
|  20|0x0000000081400000, 0x0000000081500000, 0x0000000081500000|100%| O|  |TAMS 0x0000000081400000| PB 0x0000000081400000| Untracked 
|  21|0x0000000081500000, 0x0000000081600000, 0x0000000081600000|100%| O|  |TAMS 0x0000000081500000| PB 0x0000000081500000| Untracked 
|  22|0x0000000081600000, 0x0000000081700000, 0x0000000081700000|100%| O|  |TAMS 0x0000000081600000| PB 0x0000000081600000| Untracked 
|  23|0x0000000081700000, 0x0000000081800000, 0x0000000081800000|100%| O|  |TAMS 0x0000000081700000| PB 0x0000000081700000| Untracked 
|  24|0x0000000081800000, 0x0000000081900000, 0x0000000081900000|100%| O|  |TAMS 0x0000000081800000| PB 0x0000000081800000| Untracked 
|  25|0x0000000081900000, 0x0000000081a00000, 0x0000000081a00000|100%| O|  |TAMS 0x0000000081900000| PB 0x0000000081900000| Untracked 
|  26|0x0000000081a00000, 0x0000000081b00000, 0x0000000081b00000|100%| O|  |TAMS 0x0000000081a00000| PB 0x0000000081a00000| Untracked 
|  27|0x0000000081b00000, 0x0000000081c00000, 0x0000000081c00000|100%| O|  |TAMS 0x0000000081b00000| PB 0x0000000081b00000| Untracked 
|  28|0x0000000081c00000, 0x0000000081d00000, 0x0000000081d00000|100%| O|  |TAMS 0x0000000081c00000| PB 0x0000000081c00000| Untracked 
|  29|0x0000000081d00000, 0x0000000081e00000, 0x0000000081e00000|100%| O|  |TAMS 0x0000000081d00000| PB 0x0000000081d00000| Untracked 
|  30|0x0000000081e00000, 0x0000000081f00000, 0x0000000081f00000|100%| O|  |TAMS 0x0000000081e00000| PB 0x0000000081e00000| Untracked 
|  31|0x0000000081f00000, 0x0000000081f00000, 0x0000000082000000|  0%| F|  |TAMS 0x0000000081f00000| PB 0x0000000081f00000| Untracked 
|  32|0x0000000082000000, 0x0000000082100000, 0x0000000082100000|100%| O|  |TAMS 0x0000000082000000| PB 0x0000000082000000| Untracked 
|  33|0x0000000082100000, 0x0000000082200000, 0x0000000082200000|100%| O|  |TAMS 0x0000000082100000| PB 0x0000000082100000| Untracked 
|  34|0x0000000082200000, 0x0000000082300000, 0x0000000082300000|100%| O|  |TAMS 0x0000000082200000| PB 0x0000000082200000| Untracked 
|  35|0x0000000082300000, 0x000000008232cb68, 0x0000000082400000| 17%| O|  |TAMS 0x0000000082300000| PB 0x0000000082300000| Untracked 
|  36|0x0000000082400000, 0x0000000082400000, 0x0000000082500000|  0%| F|  |TAMS 0x0000000082400000| PB 0x0000000082400000| Untracked 
|  37|0x0000000082500000, 0x0000000082500000, 0x0000000082600000|  0%| F|  |TAMS 0x0000000082500000| PB 0x0000000082500000| Untracked 
|  38|0x0000000082600000, 0x0000000082700000, 0x0000000082700000|100%| O|  |TAMS 0x0000000082600000| PB 0x0000000082600000| Untracked 
|  39|0x0000000082700000, 0x0000000082800000, 0x0000000082800000|100%| O|  |TAMS 0x0000000082700000| PB 0x0000000082700000| Untracked 
|  40|0x0000000082800000, 0x00000000828a4868, 0x0000000082900000| 64%| S|CS|TAMS 0x0000000082800000| PB 0x0000000082800000| Complete 
|  41|0x0000000082900000, 0x0000000082900000, 0x0000000082a00000|  0%| F|  |TAMS 0x0000000082900000| PB 0x0000000082900000| Untracked 
|  42|0x0000000082a00000, 0x0000000082a00000, 0x0000000082b00000|  0%| F|  |TAMS 0x0000000082a00000| PB 0x0000000082a00000| Untracked 
|  43|0x0000000082b00000, 0x0000000082b00000, 0x0000000082c00000|  0%| F|  |TAMS 0x0000000082b00000| PB 0x0000000082b00000| Untracked 
|  44|0x0000000082c00000, 0x0000000082d00000, 0x0000000082d00000|100%| S|CS|TAMS 0x0000000082c00000| PB 0x0000000082c00000| Complete 
|  45|0x0000000082d00000, 0x0000000082d00000, 0x0000000082e00000|  0%| F|  |TAMS 0x0000000082d00000| PB 0x0000000082d00000| Untracked 
|  46|0x0000000082e00000, 0x0000000082e00000, 0x0000000082f00000|  0%| F|  |TAMS 0x0000000082e00000| PB 0x0000000082e00000| Untracked 
|  47|0x0000000082f00000, 0x0000000082f00000, 0x0000000083000000|  0%| F|  |TAMS 0x0000000082f00000| PB 0x0000000082f00000| Untracked 
|  48|0x0000000083000000, 0x00000000830b1d90, 0x0000000083100000| 69%| E|  |TAMS 0x0000000083000000| PB 0x0000000083000000| Complete 
|  49|0x0000000083100000, 0x0000000083200000, 0x0000000083200000|100%| E|CS|TAMS 0x0000000083100000| PB 0x0000000083100000| Complete 
|  50|0x0000000083200000, 0x0000000083300000, 0x0000000083300000|100%| E|CS|TAMS 0x0000000083200000| PB 0x0000000083200000| Complete 
|  51|0x0000000083300000, 0x0000000083400000, 0x0000000083400000|100%| E|CS|TAMS 0x0000000083300000| PB 0x0000000083300000| Complete 
|  52|0x0000000083400000, 0x0000000083500000, 0x0000000083500000|100%| E|CS|TAMS 0x0000000083400000| PB 0x0000000083400000| Complete 
|  53|0x0000000083500000, 0x0000000083600000, 0x0000000083600000|100%| E|CS|TAMS 0x0000000083500000| PB 0x0000000083500000| Complete 
|  54|0x0000000083600000, 0x0000000083700000, 0x0000000083700000|100%| E|CS|TAMS 0x0000000083600000| PB 0x0000000083600000| Complete 
|  55|0x0000000083700000, 0x0000000083800000, 0x0000000083800000|100%| E|CS|TAMS 0x0000000083700000| PB 0x0000000083700000| Complete 
|  56|0x0000000083800000, 0x0000000083900000, 0x0000000083900000|100%| E|CS|TAMS 0x0000000083800000| PB 0x0000000083800000| Complete 
|  57|0x0000000083900000, 0x0000000083a00000, 0x0000000083a00000|100%| E|CS|TAMS 0x0000000083900000| PB 0x0000000083900000| Complete 
|  58|0x0000000083a00000, 0x0000000083b00000, 0x0000000083b00000|100%| E|CS|TAMS 0x0000000083a00000| PB 0x0000000083a00000| Complete 
|  59|0x0000000083b00000, 0x0000000083c00000, 0x0000000083c00000|100%| E|CS|TAMS 0x0000000083b00000| PB 0x0000000083b00000| Complete 
|  60|0x0000000083c00000, 0x0000000083d00000, 0x0000000083d00000|100%| E|CS|TAMS 0x0000000083c00000| PB 0x0000000083c00000| Complete 
|  61|0x0000000083d00000, 0x0000000083e00000, 0x0000000083e00000|100%| E|CS|TAMS 0x0000000083d00000| PB 0x0000000083d00000| Complete 
|  62|0x0000000083e00000, 0x0000000083f00000, 0x0000000083f00000|100%| E|CS|TAMS 0x0000000083e00000| PB 0x0000000083e00000| Complete 
|  63|0x0000000083f00000, 0x0000000084000000, 0x0000000084000000|100%| E|CS|TAMS 0x0000000083f00000| PB 0x0000000083f00000| Complete 
|  64|0x0000000084000000, 0x0000000084100000, 0x0000000084100000|100%| E|CS|TAMS 0x0000000084000000| PB 0x0000000084000000| Complete 
|  65|0x0000000084100000, 0x0000000084200000, 0x0000000084200000|100%| E|CS|TAMS 0x0000000084100000| PB 0x0000000084100000| Complete 
|  66|0x0000000084200000, 0x0000000084300000, 0x0000000084300000|100%| E|CS|TAMS 0x0000000084200000| PB 0x0000000084200000| Complete 

Card table byte_map: [0x0000028a2c120000,0x0000028a2c520000] _byte_map_base: 0x0000028a2bd20000

Marking Bits: (CMBitMap*) 0x0000028a1980a5c0
 Bits: [0x0000028a2c520000, 0x0000028a2e520000)

Polling page: 0x0000028a17d70000

Metaspace:

Usage:
  Non-class:     46.55 MB used.
      Class:      7.26 MB used.
       Both:     53.80 MB used.

Virtual space:
  Non-class space:       64.00 MB reserved,      47.31 MB ( 74%) committed,  1 nodes.
      Class space:        1.00 GB reserved,       7.94 MB ( <1%) committed,  1 nodes.
             Both:        1.06 GB reserved,      55.25 MB (  5%) committed. 

Chunk freelists:
   Non-Class:  496.00 KB
       Class:  7.88 MB
        Both:  8.36 MB

MaxMetaspaceSize: unlimited
CompressedClassSpaceSize: 1.00 GB
Initial GC threshold: 21.00 MB
Current GC threshold: 80.75 MB
CDS: off
 - commit_granule_bytes: 65536.
 - commit_granule_words: 8192.
 - virtual_space_node_default_size: 8388608.
 - enlarge_chunks_in_place: 1.
 - use_allocation_guard: 0.


Internal statistics:

num_allocs_failed_limit: 6.
num_arena_births: 2654.
num_arena_deaths: 0.
num_vsnodes_births: 2.
num_vsnodes_deaths: 0.
num_space_committed: 884.
num_space_uncommitted: 0.
num_chunks_returned_to_freelist: 6.
num_chunks_taken_from_freelist: 4767.
num_chunk_merges: 6.
num_chunk_splits: 3090.
num_chunks_enlarged: 1927.
num_inconsistent_stats: 0.

CodeHeap 'non-profiled nmethods': size=120064Kb used=2600Kb max_used=2600Kb free=117463Kb
 bounds [0x0000028a243e0000, 0x0000028a24670000, 0x0000028a2b920000]
CodeHeap 'profiled nmethods': size=120000Kb used=9153Kb max_used=9153Kb free=110846Kb
 bounds [0x0000028a1c920000, 0x0000028a1d220000, 0x0000028a23e50000]
CodeHeap 'non-nmethods': size=5696Kb used=2679Kb max_used=2715Kb free=3016Kb
 bounds [0x0000028a23e50000, 0x0000028a24100000, 0x0000028a243e0000]
 total_blobs=5466 nmethods=4627 adapters=743
 compilation: enabled
              stopped_count=0, restarted_count=0
 full_count=0

Compilation events (20 events):
Event: 124.050 Thread 0x0000028a30bf0d00 5177       4       java.util.stream.Sink$ChainedReference::cancellationRequested (10 bytes)
Event: 124.052 Thread 0x0000028a30bf0d00 nmethod 5177 0x0000028a2465ec10 code [0x0000028a2465eda0, 0x0000028a2465ee50]
Event: 124.052 Thread 0x0000028a30bf0d00 5178       4       java.util.Collection::stream (11 bytes)
Event: 124.056 Thread 0x0000028a30c4b680 5181       3       java.util.concurrent.ThreadPoolExecutor::isShutdown (12 bytes)
Event: 124.057 Thread 0x0000028a30c4b680 nmethod 5181 0x0000028a1d20cf10 code [0x0000028a1d20d0c0, 0x0000028a1d20d2a0]
Event: 124.057 Thread 0x0000028a30c4b680 5179       3       java.util.concurrent.TimeUnit::convert (73 bytes)
Event: 124.058 Thread 0x0000028a30c4b680 nmethod 5179 0x0000028a1d20d390 code [0x0000028a1d20d5a0, 0x0000028a1d20d938]
Event: 124.066 Thread 0x0000028a30bf0d00 nmethod 5178 0x0000028a2465ef10 code [0x0000028a2465f0c0, 0x0000028a2465f438]
Event: 124.066 Thread 0x0000028a30bf0d00 5180       4       java.lang.invoke.Invokers$Holder::linkToTargetMethod (9 bytes)
Event: 124.069 Thread 0x0000028a30bf0d00 nmethod 5180 0x0000028a2465f610 code [0x0000028a2465f7a0, 0x0000028a2465f898]
Event: 126.436 Thread 0x0000028a30bf0d00 5182       4       java.util.concurrent.locks.LockSupport::setBlocker (12 bytes)
Event: 126.440 Thread 0x0000028a30bf0d00 nmethod 5182 0x0000028a2465f990 code [0x0000028a2465fb20, 0x0000028a2465fc58]
Event: 127.465 Thread 0x0000028a30bf0d00 5183       4       java.util.concurrent.locks.AbstractQueuedSynchronizer$ConditionObject::canReacquire (38 bytes)
Event: 127.468 Thread 0x0000028a30bf0d00 nmethod 5183 0x0000028a2465fd10 code [0x0000028a2465fea0, 0x0000028a2465ff80]
Event: 128.018 Thread 0x0000028a30c4b680 5184       3       java.util.HashMap$Values::spliterator (16 bytes)
Event: 128.018 Thread 0x0000028a30c4b680 nmethod 5184 0x0000028a1d20db10 code [0x0000028a1d20dcc0, 0x0000028a1d20de80]
Event: 128.018 Thread 0x0000028a30c4b680 5185       3       java.util.HashMap$ValueSpliterator::<init> (12 bytes)
Event: 128.019 Thread 0x0000028a30c4b680 nmethod 5185 0x0000028a1d20df10 code [0x0000028a1d20e0c0, 0x0000028a1d20e2f0]
Event: 136.006 Thread 0x0000028a30c4b680 5186       3       java.lang.ThreadLocal$ThreadLocalMap::cleanSomeSlots (61 bytes)
Event: 136.008 Thread 0x0000028a30c4b680 nmethod 5186 0x0000028a1d20e410 code [0x0000028a1d20e600, 0x0000028a1d20eaf8]

GC Heap History (20 events):
Event: 55.037 GC heap before
{Heap before GC invocations=7 (full 0):
 garbage-first heap   total 63488K, used 48163K [0x0000000080000000, 0x0000000100000000)
  region size 1024K, 31 young (31744K), 4 survivors (4096K)
 Metaspace       used 26347K, committed 26880K, reserved 1114112K
  class space    used 3215K, committed 3456K, reserved 1048576K
}
Event: 55.070 GC heap after
{Heap after GC invocations=8 (full 0):
 garbage-first heap   total 63488K, used 23012K [0x0000000080000000, 0x0000000100000000)
  region size 1024K, 2 young (2048K), 2 survivors (2048K)
 Metaspace       used 26347K, committed 26880K, reserved 1114112K
  class space    used 3215K, committed 3456K, reserved 1048576K
}
Event: 59.764 GC heap before
{Heap before GC invocations=8 (full 0):
 garbage-first heap   total 63488K, used 49636K [0x0000000080000000, 0x0000000100000000)
  region size 1024K, 29 young (29696K), 2 survivors (2048K)
 Metaspace       used 30083K, committed 30720K, reserved 1114112K
  class space    used 3871K, committed 4160K, reserved 1048576K
}
Event: 59.788 GC heap after
{Heap after GC invocations=9 (full 0):
 garbage-first heap   total 63488K, used 24712K [0x0000000080000000, 0x0000000100000000)
  region size 1024K, 4 young (4096K), 4 survivors (4096K)
 Metaspace       used 30083K, committed 30720K, reserved 1114112K
  class space    used 3871K, committed 4160K, reserved 1048576K
}
Event: 64.265 GC heap before
{Heap before GC invocations=9 (full 0):
 garbage-first heap   total 63488K, used 51336K [0x0000000080000000, 0x0000000100000000)
  region size 1024K, 31 young (31744K), 4 survivors (4096K)
 Metaspace       used 34208K, committed 35008K, reserved 1114112K
  class space    used 4525K, committed 4928K, reserved 1048576K
}
Event: 64.300 GC heap after
{Heap after GC invocations=10 (full 0):
 garbage-first heap   total 63488K, used 26678K [0x0000000080000000, 0x0000000100000000)
  region size 1024K, 4 young (4096K), 4 survivors (4096K)
 Metaspace       used 34208K, committed 35008K, reserved 1114112K
  class space    used 4525K, committed 4928K, reserved 1048576K
}
Event: 65.147 GC heap before
{Heap before GC invocations=10 (full 0):
 garbage-first heap   total 63488K, used 33846K [0x0000000080000000, 0x0000000100000000)
  region size 1024K, 12 young (12288K), 4 survivors (4096K)
 Metaspace       used 35082K, committed 35968K, reserved 1114112K
  class space    used 4674K, committed 5120K, reserved 1048576K
}
Event: 65.174 GC heap after
{Heap after GC invocations=11 (full 0):
 garbage-first heap   total 63488K, used 26957K [0x0000000080000000, 0x0000000100000000)
  region size 1024K, 3 young (3072K), 3 survivors (3072K)
 Metaspace       used 35082K, committed 35968K, reserved 1114112K
  class space    used 4674K, committed 5120K, reserved 1048576K
}
Event: 68.677 GC heap before
{Heap before GC invocations=12 (full 0):
 garbage-first heap   total 63488K, used 54605K [0x0000000080000000, 0x0000000100000000)
  region size 1024K, 30 young (30720K), 3 survivors (3072K)
 Metaspace       used 38490K, committed 39616K, reserved 1114112K
  class space    used 5262K, committed 5824K, reserved 1048576K
}
Event: 68.707 GC heap after
{Heap after GC invocations=13 (full 0):
 garbage-first heap   total 63488K, used 28467K [0x0000000080000000, 0x0000000100000000)
  region size 1024K, 2 young (2048K), 2 survivors (2048K)
 Metaspace       used 38490K, committed 39616K, reserved 1114112K
  class space    used 5262K, committed 5824K, reserved 1048576K
}
Event: 73.101 GC heap before
{Heap before GC invocations=13 (full 0):
 garbage-first heap   total 63488K, used 55091K [0x0000000080000000, 0x0000000100000000)
  region size 1024K, 29 young (29696K), 2 survivors (2048K)
 Metaspace       used 45069K, committed 46272K, reserved 1114112K
  class space    used 5991K, committed 6592K, reserved 1048576K
}
Event: 73.172 GC heap after
{Heap after GC invocations=14 (full 0):
 garbage-first heap   total 63488K, used 30702K [0x0000000080000000, 0x0000000100000000)
  region size 1024K, 4 young (4096K), 4 survivors (4096K)
 Metaspace       used 45069K, committed 46272K, reserved 1114112K
  class space    used 5991K, committed 6592K, reserved 1048576K
}
Event: 76.941 GC heap before
{Heap before GC invocations=14 (full 0):
 garbage-first heap   total 63488K, used 55278K [0x0000000080000000, 0x0000000100000000)
  region size 1024K, 28 young (28672K), 4 survivors (4096K)
 Metaspace       used 46143K, committed 47296K, reserved 1114112K
  class space    used 6113K, committed 6656K, reserved 1048576K
}
Event: 76.996 GC heap after
{Heap after GC invocations=15 (full 0):
 garbage-first heap   total 63488K, used 33594K [0x0000000080000000, 0x0000000100000000)
  region size 1024K, 3 young (3072K), 3 survivors (3072K)
 Metaspace       used 46143K, committed 47296K, reserved 1114112K
  class space    used 6113K, committed 6656K, reserved 1048576K
}
Event: 80.560 GC heap before
{Heap before GC invocations=15 (full 0):
 garbage-first heap   total 63488K, used 45882K [0x0000000080000000, 0x0000000100000000)
  region size 1024K, 17 young (17408K), 3 survivors (3072K)
 Metaspace       used 47731K, committed 48960K, reserved 1114112K
  class space    used 6379K, committed 6976K, reserved 1048576K
}
Event: 80.582 GC heap after
{Heap after GC invocations=16 (full 0):
 garbage-first heap   total 63488K, used 35619K [0x0000000080000000, 0x0000000100000000)
  region size 1024K, 2 young (2048K), 2 survivors (2048K)
 Metaspace       used 47731K, committed 48960K, reserved 1114112K
  class space    used 6379K, committed 6976K, reserved 1048576K
}
Event: 84.285 GC heap before
{Heap before GC invocations=17 (full 0):
 garbage-first heap   total 68608K, used 62243K [0x0000000080000000, 0x0000000100000000)
  region size 1024K, 23 young (23552K), 2 survivors (2048K)
 Metaspace       used 49513K, committed 50880K, reserved 1114112K
  class space    used 6594K, committed 7296K, reserved 1048576K
}
Event: 84.313 GC heap after
{Heap after GC invocations=18 (full 0):
 garbage-first heap   total 68608K, used 37864K [0x0000000080000000, 0x0000000100000000)
  region size 1024K, 3 young (3072K), 3 survivors (3072K)
 Metaspace       used 49513K, committed 50880K, reserved 1114112K
  class space    used 6594K, committed 7296K, reserved 1048576K
}
Event: 87.742 GC heap before
{Heap before GC invocations=18 (full 0):
 garbage-first heap   total 68608K, used 60392K [0x0000000080000000, 0x0000000100000000)
  region size 1024K, 25 young (25600K), 3 survivors (3072K)
 Metaspace       used 52241K, committed 53760K, reserved 1114112K
  class space    used 6998K, committed 7744K, reserved 1048576K
}
Event: 87.777 GC heap after
{Heap after GC invocations=19 (full 0):
 garbage-first heap   total 68608K, used 38724K [0x0000000080000000, 0x0000000100000000)
  region size 1024K, 2 young (2048K), 2 survivors (2048K)
 Metaspace       used 52241K, committed 53760K, reserved 1114112K
  class space    used 6998K, committed 7744K, reserved 1048576K
}

Dll operation events (3 events):
Event: 0.107 Loaded shared library C:\Users\Korisnik\AppData\Local\Programs\Android Studio\jbr\bin\java.dll
Event: 0.245 Loaded shared library C:\Users\Korisnik\AppData\Local\Programs\Android Studio\jbr\bin\zip.dll
Event: 24.469 Loaded shared library C:\Users\Korisnik\AppData\Local\Programs\Android Studio\jbr\bin\verify.dll

Deoptimization events (20 events):
Event: 90.054 Thread 0x0000028a359bc3b0 DEOPT PACKING pc=0x0000028a244f908c sp=0x000000ea054fa930
Event: 90.054 Thread 0x0000028a359bc3b0 DEOPT UNPACKING pc=0x0000028a23ea469c sp=0x000000ea054fa918 mode 2
Event: 90.056 Thread 0x0000028a359bc3b0 Uncommon trap: trap_request=0xffffffc6 fr.pc=0x0000028a2459af4c relative=0x000000000000026c
Event: 90.056 Thread 0x0000028a359bc3b0 Uncommon trap: reason=bimorphic_or_optimized_type_check action=maybe_recompile pc=0x0000028a2459af4c method=java.util.Spliterators$IteratorSpliterator.tryAdvance(Ljava/util/function/Consumer;)Z @ 50 c2
Event: 90.056 Thread 0x0000028a359bc3b0 DEOPT PACKING pc=0x0000028a2459af4c sp=0x000000ea054fb500
Event: 90.056 Thread 0x0000028a359bc3b0 DEOPT UNPACKING pc=0x0000028a23ea469c sp=0x000000ea054fb4a0 mode 2
Event: 90.145 Thread 0x0000028a359bc3b0 Uncommon trap: trap_request=0xffffff45 fr.pc=0x0000028a245ee01c relative=0x00000000000007bc
Event: 90.145 Thread 0x0000028a359bc3b0 Uncommon trap: reason=unstable_if action=reinterpret pc=0x0000028a245ee01c method=java.io.BufferedInputStream.implRead([BII)I @ 55 c2
Event: 90.145 Thread 0x0000028a359bc3b0 DEOPT PACKING pc=0x0000028a245ee01c sp=0x000000ea054faf40
Event: 90.145 Thread 0x0000028a359bc3b0 DEOPT UNPACKING pc=0x0000028a23ea469c sp=0x000000ea054faf08 mode 2
Event: 91.034 Thread 0x0000028a359bc3b0 Uncommon trap: trap_request=0xffffff45 fr.pc=0x0000028a24651fb8 relative=0x0000000000000158
Event: 91.034 Thread 0x0000028a359bc3b0 Uncommon trap: reason=unstable_if action=reinterpret pc=0x0000028a24651fb8 method=org.antlr.v4.runtime.BufferedTokenStream.lazyInit()V @ 5 c2
Event: 91.034 Thread 0x0000028a359bc3b0 DEOPT PACKING pc=0x0000028a24651fb8 sp=0x000000ea054fb1e0
Event: 91.034 Thread 0x0000028a359bc3b0 DEOPT UNPACKING pc=0x0000028a23ea469c sp=0x000000ea054fb0f8 mode 2
Event: 91.059 Thread 0x0000028a359bc3b0 Uncommon trap: trap_request=0xffffffde fr.pc=0x0000028a245c6754 relative=0x0000000000002594
Event: 91.059 Thread 0x0000028a359bc3b0 Uncommon trap: reason=class_check action=maybe_recompile pc=0x0000028a245c6754 method=java.util.regex.Pattern$CharProperty.study(Ljava/util/regex/Pattern$TreeInfo;)Z @ 25 c2
Event: 91.059 Thread 0x0000028a359bc3b0 DEOPT PACKING pc=0x0000028a245c6754 sp=0x000000ea054f9e00
Event: 91.059 Thread 0x0000028a359bc3b0 DEOPT UNPACKING pc=0x0000028a23ea469c sp=0x000000ea054f9cf8 mode 2
Event: 109.520 Thread 0x0000028a359bc3b0 DEOPT PACKING pc=0x0000028a1cd0b575 sp=0x000000ea054fab60
Event: 109.520 Thread 0x0000028a359bc3b0 DEOPT UNPACKING pc=0x0000028a23ea4e23 sp=0x000000ea054f9ff8 mode 0

Classes loaded (20 events):
Event: 91.045 Loading class java/util/stream/ReferencePipeline$StatefulOp done
Event: 91.045 Loading class java/util/stream/SortedOps$OfRef done
Event: 91.048 Loading class java/util/stream/SortedOps$SizedRefSortingSink
Event: 91.049 Loading class java/util/stream/SortedOps$AbstractRefSortingSink
Event: 91.049 Loading class java/util/stream/SortedOps$AbstractRefSortingSink done
Event: 91.049 Loading class java/util/stream/SortedOps$SizedRefSortingSink done
Event: 96.169 Loading class java/util/Comparators$NaturalOrderComparator
Event: 96.170 Loading class java/util/Comparators$NaturalOrderComparator done
Event: 128.789 Loading class java/util/logging/LogRecord
Event: 128.791 Loading class java/util/logging/LogRecord done
Event: 128.793 Loading class java/time/Clock
Event: 128.793 Loading class java/time/InstantSource
Event: 128.794 Loading class java/time/InstantSource done
Event: 128.794 Loading class java/time/Clock done
Event: 128.803 Loading class java/io/ObjectOutputStream$BlockDataOutputStream
Event: 128.804 Loading class java/io/ObjectOutputStream$BlockDataOutputStream done
Event: 128.804 Loading class java/io/ObjectOutputStream$HandleTable
Event: 128.805 Loading class java/io/ObjectOutputStream$HandleTable done
Event: 128.805 Loading class java/io/ObjectOutputStream$ReplaceTable
Event: 128.806 Loading class java/io/ObjectOutputStream$ReplaceTable done

Classes unloaded (0 events):
No events

Classes redefined (0 events):
No events

Internal exceptions (20 events):
Event: 84.941 Thread 0x0000028a359bc3b0 Exception <a 'java/lang/ClassNotFoundException'{0x00000000840d1080}: org/gradle/api/internal/provider/AbstractMinimalProviderCustomizer> (0x00000000840d1080) 
thrown [s\src\hotspot\share\classfile\systemDictionary.cpp, line 312]
Event: 84.995 Thread 0x0000028a359bc3b0 Exception <a 'java/lang/ClassNotFoundException'{0x0000000083f02a58}: org/gradle/api/internal/provider/AbstractPropertyCustomizer> (0x0000000083f02a58) 
thrown [s\src\hotspot\share\classfile\systemDictionary.cpp, line 312]
Event: 85.004 Thread 0x0000028a359bc3b0 Exception <a 'java/lang/ClassNotFoundException'{0x0000000083f273c8}: org/gradle/api/internal/provider/DefaultPropertyCustomizer> (0x0000000083f273c8) 
thrown [s\src\hotspot\share\classfile\systemDictionary.cpp, line 312]
Event: 85.268 Thread 0x0000028a359bc3b0 Exception <a 'java/lang/ClassNotFoundException'{0x0000000083d4dee8}: org/gradle/initialization/DefaultProjectDescriptorBeanInfo> (0x0000000083d4dee8) 
thrown [s\src\hotspot\share\classfile\systemDictionary.cpp, line 312]
Event: 85.270 Thread 0x0000028a359bc3b0 Exception <a 'java/lang/ClassNotFoundException'{0x0000000083d5b3d0}: org/gradle/initialization/DefaultProjectDescriptorCustomizer> (0x0000000083d5b3d0) 
thrown [s\src\hotspot\share\classfile\systemDictionary.cpp, line 312]
Event: 85.289 Thread 0x0000028a359bc3b0 Exception <a 'java/lang/IncompatibleClassChangeError'{0x0000000083d7dc40}: Found class java.lang.Object, but interface was expected> (0x0000000083d7dc40) 
thrown [s\src\hotspot\share\interpreter\linkResolver.cpp, line 851]
Event: 85.761 Thread 0x0000028a359bc3b0 Exception <a 'java/lang/NoSuchMethodError'{0x000000008388f190}: 'java.lang.Object java.lang.invoke.DirectMethodHandle$Holder.newInvokeSpecial(java.lang.Object, java.lang.Object, java.lang.Object, java.lang.Object, java.lang.Object, java.lang.Object, java.lang.Object, java.lang.Object, java.lang.Object, java.lang.Object, java.lang.Object, java.lang.Object, java.lang.Object, java.lang.Object, java.lang.Object, java.lang.Object, java.lang.Object, java.lang.Object, java.lang.Object, java.lang.Object, java.lang
Event: 85.774 Thread 0x0000028a359bc3b0 Exception <a 'java/lang/NoSuchMethodError'{0x0000000083896a30}: 'java.lang.Object java.lang.invoke.DirectMethodHandle$Holder.invokeSpecial(java.lang.Object, java.lang.Object, java.lang.Object, java.lang.Object, java.lang.Object, java.lang.Object, java.lang.Object, java.lang.Object, java.lang.Object, java.lang.Object, java.lang.Object, java.lang.Object, java.lang.Object, java.lang.Object, java.lang.Object, java.lang.Object, java.lang.Object, java.lang.Object, java.lang.Object, java.lang.Object, java.lang.Ob
Event: 85.775 Thread 0x0000028a359bc3b0 Exception <a 'java/lang/NoSuchMethodError'{0x000000008389ca10}: 'java.lang.Object java.lang.invoke.DelegatingMethodHandle$Holder.reinvoke_L(java.lang.Object, java.lang.Object, java.lang.Object, java.lang.Object, java.lang.Object, java.lang.Object, java.lang.Object, java.lang.Object, java.lang.Object, java.lang.Object, java.lang.Object, java.lang.Object, java.lang.Object, java.lang.Object, java.lang.Object, java.lang.Object, java.lang.Object, java.lang.Object, java.lang.Object, java.lang.Object, java.lang.O
Event: 86.316 Thread 0x0000028a359bc3b0 Exception <a 'java/lang/NoSuchMethodError'{0x0000000083368a48}: 'java.lang.Object java.lang.invoke.DirectMethodHandle$Holder.newInvokeSpecial(java.lang.Object, int, java.lang.Object)'> (0x0000000083368a48) 
thrown [s\src\hotspot\share\interpreter\linkResolver.cpp, line 784]
Event: 87.029 Thread 0x0000028a359bc3b0 Exception <a 'java/lang/NoSuchMethodError'{0x0000000083166fd0}: 'java.lang.Object java.lang.invoke.DirectMethodHandle$Holder.invokeVirtual(java.lang.Object, java.lang.Object, java.lang.Object, java.lang.Object, java.lang.Object, java.lang.Object, java.lang.Object, java.lang.Object, java.lang.Object, java.lang.Object, java.lang.Object, java.lang.Object, java.lang.Object, java.lang.Object, java.lang.Object)'> (0x0000000083166fd0) 
thrown [s\src\hotspot\share\interpreter\linkResolver.cpp, line 784]
Event: 87.038 Thread 0x0000028a359bc3b0 Exception <a 'java/lang/NoSuchMethodError'{0x000000008316c6a0}: 'java.lang.Object java.lang.invoke.DirectMethodHandle$Holder.invokeSpecial(java.lang.Object, java.lang.Object, java.lang.Object, java.lang.Object, java.lang.Object, java.lang.Object, java.lang.Object, java.lang.Object, java.lang.Object, java.lang.Object, java.lang.Object, java.lang.Object, java.lang.Object, java.lang.Object, java.lang.Object, java.lang.Object)'> (0x000000008316c6a0) 
thrown [s\src\hotspot\share\interpreter\linkResolver.cpp, li
Event: 87.039 Thread 0x0000028a359bc3b0 Exception <a 'java/lang/NoSuchMethodError'{0x0000000083171670}: 'java.lang.Object java.lang.invoke.DelegatingMethodHandle$Holder.reinvoke_L(java.lang.Object, java.lang.Object, java.lang.Object, java.lang.Object, java.lang.Object, java.lang.Object, java.lang.Object, java.lang.Object, java.lang.Object, java.lang.Object, java.lang.Object, java.lang.Object, java.lang.Object, java.lang.Object, java.lang.Object)'> (0x0000000083171670) 
thrown [s\src\hotspot\share\interpreter\linkResolver.cpp, line 784]
Event: 88.360 Thread 0x0000028a359bc3b0 Exception <a 'sun/nio/fs/WindowsException'{0x0000000083f3c020}> (0x0000000083f3c020) 
thrown [s\src\hotspot\share\prims\jni.cpp, line 535]
Event: 88.361 Thread 0x0000028a359bc3b0 Exception <a 'sun/nio/fs/WindowsException'{0x0000000083f3d818}> (0x0000000083f3d818) 
thrown [s\src\hotspot\share\prims\jni.cpp, line 535]
Event: 88.648 Thread 0x0000028a359bc3b0 Exception <a 'java/lang/NoSuchMethodError'{0x0000000083d8b890}: 'java.lang.Object java.lang.invoke.DirectMethodHandle$Holder.newInvokeSpecial(java.lang.Object, java.lang.Object, java.lang.Object, int)'> (0x0000000083d8b890) 
thrown [s\src\hotspot\share\interpreter\linkResolver.cpp, line 784]
Event: 88.676 Thread 0x0000028a359bc3b0 Exception <a 'java/lang/NoSuchMethodError'{0x0000000083d8fc40}: 'java.lang.Object java.lang.invoke.Invokers$Holder.linkToTargetMethod(java.lang.Object, java.lang.Object, int, java.lang.Object)'> (0x0000000083d8fc40) 
thrown [s\src\hotspot\share\interpreter\linkResolver.cpp, line 784]
Event: 89.731 Thread 0x0000028a359bc3b0 Exception <a 'sun/nio/fs/WindowsException'{0x0000000083c438b0}> (0x0000000083c438b0) 
thrown [s\src\hotspot\share\prims\jni.cpp, line 535]
Event: 93.649 Thread 0x0000028a359bc3b0 Exception <a 'java/lang/NoSuchMethodError'{0x00000000833f1998}: 'void java.lang.invoke.DirectMethodHandle$Holder.invokeStatic(java.lang.Object, java.lang.Object, java.lang.Object, java.lang.Object, java.lang.Object, java.lang.Object, java.lang.Object)'> (0x00000000833f1998) 
thrown [s\src\hotspot\share\interpreter\linkResolver.cpp, line 784]
Event: 128.798 Thread 0x0000028a359bc3b0 Exception <a 'net/rubygrapefruit/platform/NativeException'{0x00000000831eb2f0}: Execution timed out> (0x00000000831eb2f0) 
thrown [s\src\hotspot\share\prims\jni.cpp, line 563]

ZGC Phase Switch (0 events):
No events

VM Operations (20 events):
Event: 90.931 Executing VM operation: Cleanup
Event: 90.947 Executing VM operation: Cleanup done
Event: 91.047 Executing VM operation: HandshakeAllThreads (Deoptimize)
Event: 91.047 Executing VM operation: HandshakeAllThreads (Deoptimize) done
Event: 92.059 Executing VM operation: Cleanup
Event: 93.687 Executing VM operation: Cleanup done
Event: 101.776 Executing VM operation: Cleanup
Event: 102.530 Executing VM operation: Cleanup done
Event: 104.870 Executing VM operation: Cleanup
Event: 109.531 Executing VM operation: Cleanup done
Event: 110.615 Executing VM operation: Cleanup
Event: 123.820 Executing VM operation: Cleanup done
Event: 123.864 Executing VM operation: HandshakeAllThreads (HandshakeForDeflation)
Event: 123.865 Executing VM operation: HandshakeAllThreads (HandshakeForDeflation) done
Event: 123.903 Executing VM operation: RendezvousGCThreads
Event: 123.903 Executing VM operation: RendezvousGCThreads done
Event: 124.946 Executing VM operation: Cleanup
Event: 124.947 Executing VM operation: Cleanup done
Event: 125.971 Executing VM operation: Cleanup
Event: 125.971 Executing VM operation: Cleanup done

Memory protections (0 events):
No events

Nmethod flushes (20 events):
Event: 80.824 Thread 0x0000028a3090ecc0 flushing  nmethod 0x0000028a1cc9db10
Event: 80.824 Thread 0x0000028a3090ecc0 flushing  nmethod 0x0000028a1ccaaa10
Event: 80.824 Thread 0x0000028a3090ecc0 flushing  nmethod 0x0000028a1ccacd10
Event: 80.824 Thread 0x0000028a3090ecc0 flushing  nmethod 0x0000028a1ccb1510
Event: 80.824 Thread 0x0000028a3090ecc0 flushing  nmethod 0x0000028a1ccb2410
Event: 80.824 Thread 0x0000028a3090ecc0 flushing  nmethod 0x0000028a1ccb4390
Event: 80.824 Thread 0x0000028a3090ecc0 flushing  nmethod 0x0000028a1ccc2090
Event: 80.824 Thread 0x0000028a3090ecc0 flushing  nmethod 0x0000028a1ccc6f90
Event: 80.824 Thread 0x0000028a3090ecc0 flushing  nmethod 0x0000028a1cce0590
Event: 80.824 Thread 0x0000028a3090ecc0 flushing  nmethod 0x0000028a1cd09510
Event: 80.824 Thread 0x0000028a3090ecc0 flushing  nmethod 0x0000028a1cd0a110
Event: 80.824 Thread 0x0000028a3090ecc0 flushing  nmethod 0x0000028a1cd6d010
Event: 80.824 Thread 0x0000028a3090ecc0 flushing  nmethod 0x0000028a1cdc4310
Event: 80.824 Thread 0x0000028a3090ecc0 flushing  nmethod 0x0000028a1cde4390
Event: 80.824 Thread 0x0000028a3090ecc0 flushing  nmethod 0x0000028a1cde8290
Event: 80.824 Thread 0x0000028a3090ecc0 flushing  nmethod 0x0000028a1cdeac90
Event: 80.824 Thread 0x0000028a3090ecc0 flushing  nmethod 0x0000028a1ce04110
Event: 80.824 Thread 0x0000028a3090ecc0 flushing  nmethod 0x0000028a1ce54d90
Event: 80.824 Thread 0x0000028a3090ecc0 flushing  nmethod 0x0000028a1cf33c90
Event: 80.824 Thread 0x0000028a3090ecc0 flushing  nmethod 0x0000028a1cf90690

Events (20 events):
Event: 48.985 Thread 0x0000028a35125be0 Thread added: 0x0000028a35a66a60
Event: 49.000 Thread 0x0000028a35a66a60 Thread added: 0x0000028a35ab8e60
Event: 49.152 Thread 0x0000028a35a66a60 Thread added: 0x0000028a367626f0
Event: 49.196 Thread 0x0000028a35a66a60 Thread added: 0x0000028a359bc3b0
Event: 49.305 Thread 0x0000028a359bc3b0 Thread added: 0x0000028a359bd370
Event: 49.325 Thread 0x0000028a359bc3b0 Thread added: 0x0000028a359a21e0
Event: 49.460 Thread 0x0000028a359bc3b0 Thread added: 0x0000028a359a4fd0
Event: 52.891 Thread 0x0000028a359bc3b0 Thread added: 0x0000028a359a5660
Event: 52.940 Thread 0x0000028a359bc3b0 Thread added: 0x0000028a359a42b0
Event: 53.213 Thread 0x0000028a359bc3b0 Thread added: 0x0000028a359a3c20
Event: 62.125 Thread 0x0000028a359bc3b0 Thread added: 0x0000028a359a2f00
Event: 62.269 Thread 0x0000028a359bc3b0 Thread added: 0x0000028a359a4940
Event: 63.971 Thread 0x0000028a359bc3b0 Thread added: 0x0000028a359a3590
Event: 63.997 Thread 0x0000028a359bc3b0 Thread added: 0x0000028a36b1c730
Event: 65.844 Thread 0x0000028a359bc3b0 Thread added: 0x0000028a36b1c0a0
Event: 66.104 Thread 0x0000028a359bc3b0 Thread added: 0x0000028a36b1cdc0
Event: 67.280 Thread 0x0000028a359bc3b0 Thread added: 0x0000028a36b1d450
Event: 68.376 Thread 0x0000028a359bc3b0 Thread added: 0x0000028a36b1dae0
Event: 79.363 Thread 0x0000028a359bc3b0 Thread added: 0x0000028a36b1a660
Event: 84.233 Thread 0x0000028a359bc3b0 Thread added: 0x0000028a36b1acf0


Dynamic libraries:
0x00007ff741180000 - 0x00007ff74118a000 	C:\Users\Korisnik\AppData\Local\Programs\Android Studio\jbr\bin\java.exe
0x00007ffb184c0000 - 0x00007ffb18723000 	C:\WINDOWS\SYSTEM32\ntdll.dll
0x00007ffae4330000 - 0x00007ffae434a000 	C:\Program Files\Avast Software\Avast\aswhook.dll
0x00007ffb18380000 - 0x00007ffb18447000 	C:\WINDOWS\System32\KERNEL32.DLL
0x00007ffb15c30000 - 0x00007ffb15ff9000 	C:\WINDOWS\System32\KERNELBASE.dll
0x00007ffb158c0000 - 0x00007ffb15a0c000 	C:\WINDOWS\System32\ucrtbase.dll
0x00007ffaf1340000 - 0x00007ffaf1358000 	C:\Users\Korisnik\AppData\Local\Programs\Android Studio\jbr\bin\jli.dll
0x00007ffb17780000 - 0x00007ffb1794a000 	C:\WINDOWS\System32\USER32.dll
0x00007ffb162b0000 - 0x00007ffb162d7000 	C:\WINDOWS\System32\win32u.dll
0x00007ffb18450000 - 0x00007ffb1847a000 	C:\WINDOWS\System32\GDI32.dll
0x00007ffb156c0000 - 0x00007ffb157f1000 	C:\WINDOWS\System32\gdi32full.dll
0x00007ffb15a10000 - 0x00007ffb15ab3000 	C:\WINDOWS\System32\msvcp_win.dll
0x00007ffacf190000 - 0x00007ffacf1ab000 	C:\Users\Korisnik\AppData\Local\Programs\Android Studio\jbr\bin\VCRUNTIME140.dll
0x00007ffb059c0000 - 0x00007ffb05c50000 	C:\WINDOWS\WinSxS\amd64_microsoft.windows.common-controls_6595b64144ccf1df_6.0.26100.3323_none_3e088096e3344490\COMCTL32.dll
0x00007ffb17b30000 - 0x00007ffb17bd9000 	C:\WINDOWS\System32\msvcrt.dll
0x00007ffb172d0000 - 0x00007ffb172ff000 	C:\WINDOWS\System32\IMM32.DLL
0x00007ffaf1b00000 - 0x00007ffaf1b0c000 	C:\Users\Korisnik\AppData\Local\Programs\Android Studio\jbr\bin\vcruntime140_1.dll
0x00007ffad8f40000 - 0x00007ffad8fcd000 	C:\Users\Korisnik\AppData\Local\Programs\Android Studio\jbr\bin\msvcp140.dll
0x00007ffa83c60000 - 0x00007ffa848ea000 	C:\Users\Korisnik\AppData\Local\Programs\Android Studio\jbr\bin\server\jvm.dll
0x00007ffb170b0000 - 0x00007ffb17162000 	C:\WINDOWS\System32\ADVAPI32.dll
0x00007ffb17dc0000 - 0x00007ffb17e66000 	C:\WINDOWS\System32\sechost.dll
0x00007ffb16a10000 - 0x00007ffb16b26000 	C:\WINDOWS\System32\RPCRT4.dll
0x00007ffb17e70000 - 0x00007ffb17ee4000 	C:\WINDOWS\System32\WS2_32.dll
0x00007ffb14370000 - 0x00007ffb143be000 	C:\WINDOWS\SYSTEM32\POWRPROF.dll
0x00007ffb03250000 - 0x00007ffb03286000 	C:\WINDOWS\SYSTEM32\WINMM.dll
0x00007ffb00ce0000 - 0x00007ffb00ceb000 	C:\WINDOWS\SYSTEM32\VERSION.dll
0x00007ffb14350000 - 0x00007ffb14364000 	C:\WINDOWS\SYSTEM32\UMPDC.dll
0x00007ffb145f0000 - 0x00007ffb1460a000 	C:\WINDOWS\SYSTEM32\kernel.appcore.dll
0x00007ffae09a0000 - 0x00007ffae09aa000 	C:\Users\Korisnik\AppData\Local\Programs\Android Studio\jbr\bin\jimage.dll
0x00007ffb12f30000 - 0x00007ffb13171000 	C:\WINDOWS\SYSTEM32\DBGHELP.DLL
0x00007ffb16b30000 - 0x00007ffb16eb2000 	C:\WINDOWS\System32\combase.dll
0x00007ffb16ec0000 - 0x00007ffb16f96000 	C:\WINDOWS\System32\OLEAUT32.dll
0x00007ffb00e90000 - 0x00007ffb00ec9000 	C:\WINDOWS\SYSTEM32\dbgcore.DLL
0x00007ffb16000000 - 0x00007ffb16099000 	C:\WINDOWS\System32\bcryptPrimitives.dll
0x00007ffafa680000 - 0x00007ffafa68e000 	C:\Users\Korisnik\AppData\Local\Programs\Android Studio\jbr\bin\instrument.dll
0x00007ffacf780000 - 0x00007ffacf7a0000 	C:\Users\Korisnik\AppData\Local\Programs\Android Studio\jbr\bin\java.dll
0x00007ffacf170000 - 0x00007ffacf188000 	C:\Users\Korisnik\AppData\Local\Programs\Android Studio\jbr\bin\zip.dll
0x00007ffb162f0000 - 0x00007ffb16a05000 	C:\WINDOWS\System32\SHELL32.dll
0x00007ffb15ac0000 - 0x00007ffb15c28000 	C:\WINDOWS\System32\wintypes.dll
0x00007ffb13400000 - 0x00007ffb13c45000 	C:\WINDOWS\SYSTEM32\windows.storage.dll
0x00007ffb174b0000 - 0x00007ffb1759b000 	C:\WINDOWS\System32\SHCORE.dll
0x00007ffb17be0000 - 0x00007ffb17c3d000 	C:\WINDOWS\System32\shlwapi.dll
0x00007ffb155d0000 - 0x00007ffb155ff000 	C:\WINDOWS\SYSTEM32\profapi.dll
0x00007ffadfa70000 - 0x00007ffadfa80000 	C:\Users\Korisnik\AppData\Local\Programs\Android Studio\jbr\bin\net.dll
0x00007ffb03e80000 - 0x00007ffb03f9e000 	C:\WINDOWS\SYSTEM32\WINHTTP.dll
0x00007ffb14b10000 - 0x00007ffb14b7a000 	C:\WINDOWS\system32\mswsock.dll
0x00007ffac9c60000 - 0x00007ffac9c76000 	C:\Users\Korisnik\AppData\Local\Programs\Android Studio\jbr\bin\nio.dll
0x00007ffad84b0000 - 0x00007ffad84c0000 	C:\Users\Korisnik\AppData\Local\Programs\Android Studio\jbr\bin\verify.dll
0x00007ffad8fd0000 - 0x00007ffad8ff7000 	C:\Users\Korisnik\.gradle\native\c067742578af261105cb4f569cf0c3c89f3d7b1fecec35dd04571415982c5e48\windows-amd64\native-platform.dll
0x00007ffac3b60000 - 0x00007ffac3ca4000 	C:\Users\Korisnik\.gradle\native\100fb08df4bc3b14c8652ba06237920a3bd2aa13389f12d3474272988ae205f9\windows-amd64\native-platform-file-events.dll
0x00007ffad9650000 - 0x00007ffad9659000 	C:\Users\Korisnik\AppData\Local\Programs\Android Studio\jbr\bin\management.dll
0x00007ffad93e0000 - 0x00007ffad93eb000 	C:\Users\Korisnik\AppData\Local\Programs\Android Studio\jbr\bin\management_ext.dll
0x00007ffb175a0000 - 0x00007ffb175a8000 	C:\WINDOWS\System32\PSAPI.DLL
0x00007ffb14db0000 - 0x00007ffb14dcc000 	C:\WINDOWS\SYSTEM32\CRYPTSP.dll
0x00007ffb14550000 - 0x00007ffb1458a000 	C:\WINDOWS\system32\rsaenh.dll
0x00007ffb14bb0000 - 0x00007ffb14bdb000 	C:\WINDOWS\SYSTEM32\USERENV.dll
0x00007ffb14ff0000 - 0x00007ffb15016000 	C:\WINDOWS\SYSTEM32\bcrypt.dll
0x00007ffb14dd0000 - 0x00007ffb14ddc000 	C:\WINDOWS\SYSTEM32\CRYPTBASE.dll
0x00007ffb140f0000 - 0x00007ffb14123000 	C:\WINDOWS\SYSTEM32\IPHLPAPI.DLL
0x00007ffb17db0000 - 0x00007ffb17dba000 	C:\WINDOWS\System32\NSI.dll
0x00007ffadad60000 - 0x00007ffadad69000 	C:\Users\Korisnik\AppData\Local\Programs\Android Studio\jbr\bin\extnet.dll
0x00007ffaf1590000 - 0x00007ffaf1598000 	C:\WINDOWS\system32\wshunix.dll

dbghelp: loaded successfully - version: 4.0.5 - missing functions: none
symbol engine: initialized successfully - sym options: 0x614 - pdb path: .;C:\Users\Korisnik\AppData\Local\Programs\Android Studio\jbr\bin;C:\WINDOWS\SYSTEM32;C:\Program Files\Avast Software\Avast;C:\WINDOWS\WinSxS\amd64_microsoft.windows.common-controls_6595b64144ccf1df_6.0.26100.3323_none_3e088096e3344490;C:\Users\Korisnik\AppData\Local\Programs\Android Studio\jbr\bin\server;C:\Users\Korisnik\.gradle\native\c067742578af261105cb4f569cf0c3c89f3d7b1fecec35dd04571415982c5e48\windows-amd64;C:\Users\Korisnik\.gradle\native\100fb08df4bc3b14c8652ba06237920a3bd2aa13389f12d3474272988ae205f9\windows-amd64

VM Arguments:
jvm_args: --add-opens=java.base/java.util=ALL-UNNAMED --add-opens=java.base/java.lang=ALL-UNNAMED --add-opens=java.base/java.lang.invoke=ALL-UNNAMED --add-opens=java.prefs/java.util.prefs=ALL-UNNAMED --add-exports=jdk.compiler/com.sun.tools.javac.api=ALL-UNNAMED --add-exports=jdk.compiler/com.sun.tools.javac.util=ALL-UNNAMED --add-opens=java.base/java.nio.charset=ALL-UNNAMED --add-opens=java.base/java.net=ALL-UNNAMED --add-opens=java.base/java.util.concurrent.atomic=ALL-UNNAMED -Xmx2048m -Dfile.encoding=UTF-8 -Duser.country=US -Duser.language=en -Duser.variant -javaagent:C:\Users\Korisnik\.gradle\wrapper\dists\gradle-8.9-bin\90cnw93cvbtalezasaz0blq0a\gradle-8.9\lib\agents\gradle-instrumentation-agent-8.9.jar 
java_command: org.gradle.launcher.daemon.bootstrap.GradleDaemon 8.9
java_class_path (initial): C:\Users\Korisnik\.gradle\wrapper\dists\gradle-8.9-bin\90cnw93cvbtalezasaz0blq0a\gradle-8.9\lib\gradle-daemon-main-8.9.jar
Launcher Type: SUN_STANDARD

[Global flags]
     intx CICompilerCount                          = 2                                         {product} {ergonomic}
     uint ConcGCThreads                            = 1                                         {product} {ergonomic}
     uint G1ConcRefinementThreads                  = 2                                         {product} {ergonomic}
   size_t G1HeapRegionSize                         = 1048576                                   {product} {ergonomic}
    uintx GCDrainStackTargetSize                   = 64                                        {product} {ergonomic}
   size_t InitialHeapSize                          = 65011712                                  {product} {ergonomic}
   size_t MarkStackSize                            = 4194304                                   {product} {ergonomic}
   size_t MaxHeapSize                              = 2147483648                                {product} {command line}
   size_t MaxNewSize                               = 1287651328                                {product} {ergonomic}
   size_t MinHeapDeltaBytes                        = 1048576                                   {product} {ergonomic}
   size_t MinHeapSize                              = 8388608                                   {product} {ergonomic}
    uintx NonNMethodCodeHeapSize                   = 5826188                                {pd product} {ergonomic}
    uintx NonProfiledCodeHeapSize                  = 122916026                              {pd product} {ergonomic}
    uintx ProfiledCodeHeapSize                     = 122916026                              {pd product} {ergonomic}
    uintx ReservedCodeCacheSize                    = 251658240                              {pd product} {ergonomic}
     bool SegmentedCodeCache                       = true                                      {product} {ergonomic}
   size_t SoftMaxHeapSize                          = 2147483648                             {manageable} {ergonomic}
     bool UseCompressedOops                        = true                           {product lp64_product} {ergonomic}
     bool UseG1GC                                  = true                                      {product} {ergonomic}
     bool UseLargePagesIndividualAllocation        = false                                  {pd product} {ergonomic}

Logging:
Log output configuration:
 #0: stdout all=warning uptime,level,tags foldmultilines=false
 #1: stderr all=off uptime,level,tags foldmultilines=false

Environment Variables:
PATH=C:\Program Files\Common Files\Oracle\Java\javapath;C:\Program Files (x86)\Common Files\Oracle\Java\java8path;C:\Program Files (x86)\Common Files\Oracle\Java\javapath;C:\app\Korisnik\product\21c\dbhomeXE\bin;C:\WINDOWS\system32;C:\WINDOWS;C:\WINDOWS\System32\Wbem;C:\WINDOWS\System32\WindowsPowerShell\v1.0\;C:\WINDOWS\System32\OpenSSH\;C:\Program Files\dotnet\;C:\Program Files (x86)\Windows Kits\10\Windows Performance Toolkit\;C:\Program Files\Git\cmd;C:\Program Files\nodejs\;C:\Users\Korisnik\maven\apache-maven-3.9.9-bin\apache-maven-3.9.9\bin;C:\Users\Korisnik\AppData\Local\Packages\PythonSoftwareFoundation.Python.3.12_qbz5n2kfra8p0\LocalCache\local-packages\Python312\Scripts;C:\Users\Korisnik\AppData\Local\Programs\Python\Launcher\;C:\Users\Korisnik\AppData\Local\Microsoft\WindowsApps;C:\Users\Korisnik\AppData\Local\Programs\Microsoft VS Code\bin;C:\Users\Korisnik\.dotnet\tools;C:\Program Files (x86)\OCL_SDK_Light\lib;C:\Users\Korisnik\AppData\Local\GitHubDesktop\bin;C:\Program Files\JetBrains\IntelliJ IDEA 2024.2.3\bin;C:\Users\Korisnik\AppData\Local\JetBrains\Toolbox\scripts;C:\Users\Korisnik\AppData\Roaming\npm;%USERPROFILE%\AppData\Local\Microsoft\WindowsApps
USERNAME=Korisnik
OS=Windows_NT
PROCESSOR_IDENTIFIER=Intel64 Family 6 Model 122 Stepping 8, GenuineIntel
TMP=C:\Users\Korisnik\AppData\Local\Temp
TEMP=C:\Users\Korisnik\AppData\Local\Temp




Periodic native trim disabled

JNI global refs:
JNI global refs: 23, weak refs: 0

JNI global refs memory usage: 835, weak refs: 833

Process memory usage:
Resident Set Size: 58424K (1% of 4012844K total physical memory with 798060K free physical memory)

OOME stack traces (most recent first):
Classloader memory used:
Loader org.gradle.internal.classloader.VisitableURLClassLoader                         : 25770K
Loader bootstrap                                                                       : 21965K
Loader org.gradle.initialization.MixInLegacyTypesClassLoader                           : 6531K
Loader jdk.internal.loader.ClassLoaders$PlatformClassLoader                            : 515K
Loader jdk.internal.loader.ClassLoaders$AppClassLoader                                 : 230K
Loader org.gradle.groovy.scripts.internal.DefaultScriptCompilationHandler$ScriptClassLoader: 78328B
Loader org.codehaus.groovy.runtime.callsite.CallSiteClassLoader                        : 2872B

Classes loaded by more than one classloader:
Class org.gradle.internal.classloader.FilteringClassLoader                            : loaded 2 times (x 101B)
Class org.gradle.internal.classloader.ClassLoaderHierarchy                            : loaded 2 times (x 66B)
Class org.gradle.api.internal.classpath.ManifestUtil                                  : loaded 2 times (x 67B)
Class org.gradle.internal.classloader.DefaultClassLoaderFactory                       : loaded 2 times (x 78B)
Class org.gradle.internal.classloader.ClassLoaderVisitor                              : loaded 2 times (x 72B)
Class settings_94bs1ugus91q0yd6ug0ska4p8$_run_closure1                                : loaded 2 times (x 135B)
Class org.gradle.api.internal.classpath.EffectiveClassPath                            : loaded 2 times (x 86B)
Class org.gradle.api.internal.DefaultClassPathProvider                                : loaded 2 times (x 72B)
Class [Lorg.gradle.api.internal.ClassPathProvider;                                    : loaded 2 times (x 65B)
Class org.gradle.api.internal.ClassPathProvider                                       : loaded 2 times (x 66B)
Class org.gradle.internal.service.UnknownServiceException                             : loaded 2 times (x 79B)
Class org.gradle.internal.classpath.TransformedClassPath                              : loaded 2 times (x 92B)
Class settings_94bs1ugus91q0yd6ug0ska4p8                                              : loaded 2 times (x 175B)
Class org.gradle.internal.service.ServiceLocator                                      : loaded 2 times (x 66B)
Class settings_94bs1ugus91q0yd6ug0ska4p8$_run_closure1$_closure2                      : loaded 2 times (x 135B)
Class org.gradle.internal.InternalTransformer                                         : loaded 2 times (x 66B)
Class org.gradle.internal.classloader.ClasspathUtil$1                                 : loaded 2 times (x 72B)
Class org.gradle.api.internal.classpath.DefaultModuleRegistry$DefaultModule           : loaded 2 times (x 82B)
Class org.gradle.api.internal.classpath.Module                                        : loaded 2 times (x 66B)
Class org.gradle.api.internal.classpath.UnknownModuleException                        : loaded 2 times (x 78B)
Class org.gradle.api.internal.DefaultClassPathRegistry                                : loaded 2 times (x 72B)
Class org.gradle.api.internal.ClassPathRegistry                                       : loaded 2 times (x 66B)
Class org.gradle.internal.classpath.DefaultClassPath$ImmutableUniqueList              : loaded 2 times (x 195B)
Class org.gradle.internal.classpath.ClassPath                                         : loaded 2 times (x 66B)
Class org.gradle.api.UncheckedIOException                                             : loaded 2 times (x 78B)
Class org.gradle.internal.installation.GradleInstallation$1                           : loaded 2 times (x 71B)
Class org.gradle.api.internal.classpath.ModuleRegistry                                : loaded 2 times (x 66B)
Class org.gradle.api.internal.classpath.DefaultModuleRegistry                         : loaded 2 times (x 79B)
Class org.gradle.internal.service.ServiceLookupException                              : loaded 2 times (x 78B)
Class org.gradle.internal.classloader.ClassLoaderFactory                              : loaded 2 times (x 66B)
Class org.gradle.internal.service.CachingServiceLocator                               : loaded 2 times (x 78B)
Class org.gradle.internal.classloader.ClasspathUtil                                   : loaded 2 times (x 67B)
Class org.gradle.api.specs.Spec                                                       : loaded 2 times (x 66B)
Class org.gradle.internal.classloader.VisitableURLClassLoader$InstrumentingVisitableURLClassLoader: loaded 2 times (x 119B)
Class org.gradle.internal.classloader.VisitableURLClassLoader$Spec                    : loaded 2 times (x 70B)
Class org.gradle.internal.classpath.DefaultClassPath                                  : loaded 2 times (x 86B)
Class org.gradle.internal.classloader.ClassLoaderSpec                                 : loaded 2 times (x 67B)
Class org.gradle.internal.classloader.VisitableURLClassLoader                         : loaded 2 times (x 113B)
Class org.gradle.internal.Cast                                                        : loaded 2 times (x 67B)
Class org.gradle.api.Action                                                           : loaded 2 times (x 66B)
Class org.gradle.internal.agents.InstrumentingClassLoader                             : loaded 2 times (x 66B)
Class org.gradle.internal.classpath.DefaultClassPath$ImmutableUniqueList$Builder      : loaded 2 times (x 71B)
Class org.gradle.api.GradleException                                                  : loaded 2 times (x 78B)
Class org.gradle.internal.IoActions                                                   : loaded 2 times (x 67B)
Class org.gradle.internal.classloader.SystemClassLoaderSpec                           : loaded 2 times (x 67B)
Class settings_94bs1ugus91q0yd6ug0ska4p8$_run_closure1$_closure2$_closure3            : loaded 2 times (x 135B)
Class org.gradle.internal.installation.CurrentGradleInstallationLocator               : loaded 2 times (x 67B)
Class org.gradle.internal.service.DefaultServiceLocator                               : loaded 2 times (x 79B)
Class org.gradle.internal.installation.CurrentGradleInstallation                      : loaded 2 times (x 69B)
Class org.gradle.util.internal.GUtil                                                  : loaded 2 times (x 67B)
Class org.gradle.internal.installation.GradleInstallation                             : loaded 2 times (x 71B)

---------------  S Y S T E M  ---------------

OS:
 Windows 11 , 64 bit Build 26100 (10.0.26100.3323)
OS uptime: 2 days 9:54 hours

CPU: total 2 (initial active 2) (2 cores per cpu, 1 threads per core) family 6 model 122 stepping 8 microcode 0x18, cx8, cmov, fxsr, mmx, 3dnowpref, sse, sse2, sse3, ssse3, sse4.1, sse4.2, popcnt, tsc, tscinvbit, aes, erms, clmul, sha, clflush, clflushopt, rdtscp, rdpid
Processor Information for all 2 processors :
  Max Mhz: 1101, Current Mhz: 1101, Mhz Limit: 1101

Memory: 4k page, system-wide physical 3918M (778M free)
TotalPageFile size 14959M (AvailPageFile size 2641M)
current process WorkingSet (physical memory assigned to process): 58M, peak: 223M
current process commit charge ("private bytes"): 246M, peak: 249M

vm_info: OpenJDK 64-Bit Server VM (21.0.5+-12932927-b750.29) for windows-amd64 JRE (21.0.5+-12932927-b750.29), built on 2025-01-17T02:01:10Z by "builder" with MS VC++ 16.10 / 16.11 (VS2019)

END.
